<?xml version="1.0" encoding="UTF-8"?>
<wordlog>
  <grasp>
    <word>crime</word>
    <word>firm</word>
    <word>porter</word>
    <word>adequate</word>
    <word>comb</word>
    <word>sculpture</word>
    <word>oval</word>
    <word>hatch</word>
    <word>congratulate</word>
    <word>rubber</word>
    <word>cafeteria</word>
    <word>invent</word>
    <word>motivation</word>
    <word>beach</word>
    <word>substitute</word>
    <word>promote</word>
    <word>treasure</word>
    <word>shopkeeper</word>
    <word>rugby</word>
    <word>worn out</word>
    <word>helicopter</word>
    <word>behalf</word>
    <word>hardly</word>
    <word>concept</word>
    <word>voyage</word>
    <word>hole</word>
    <word>split</word>
    <word>cage</word>
    <word>jog</word>
    <word>violence</word>
    <word>anxiety</word>
    <word>disappoint</word>
    <word>reserve</word>
    <word>although</word>
    <word>trousers</word>
    <word>howl</word>
    <word>arrest</word>
    <word>expert</word>
    <word>swear</word>
    <word>wheel</word>
    <word>owner</word>
    <word>standard</word>
    <word>sure</word>
    <word>get into trouble</word>
    <word>artificial</word>
    <word>central</word>
    <word>tortoise</word>
    <word>zone</word>
    <word>federal</word>
    <word>passage</word>
    <word>foolish</word>
    <word>bridegroom</word>
    <word>against</word>
    <word>directory</word>
    <word>soft</word>
    <word>bachelor</word>
    <word>brochure</word>
    <word>police</word>
    <word>birthday</word>
    <word>not so…as</word>
    <word>cloud</word>
    <word>party</word>
    <word>high</word>
    <word>look ahead</word>
    <word>roof</word>
    <word>oppose</word>
    <word>pipe</word>
    <word>exhibition</word>
    <word>meal</word>
    <word>swing</word>
    <word>safe</word>
    <word>electric</word>
    <word>jazz</word>
    <word>sentence…to death</word>
    <word>trip</word>
    <word>just now</word>
    <word>more or less</word>
    <word>victim</word>
    <word>oral</word>
    <word>gate</word>
    <word>crash</word>
  </grasp>
  <ungrasp>
    <word>march</word>
    <word>fetch</word>
  </ungrasp>
</wordlog>