<?xml version="1.0" encoding="UTF-8"?>
<wordlog>
  <grasp>
    <word>ubiquitous</word>
    <word>drastically</word>
    <word>poised</word>
    <word>emission</word>
    <word>legion</word>
    <word>emerging markets</word>
    <word>emerging</word>
    <word>clamour</word>
    <word>quadruple</word>
    <word>fraction</word>
    <word>fearsome</word>
    <word>congestion</word>
    <word>stricter</word>
    <word>choked</word>
    <word>impose</word>
    <word>curb</word>
    <word>noxious</word>
    <word>soot</word>
    <word>particles</word>
    <word>emitted</word>
    <word>exhaust</word>
    <word>battery</word>
    <word>widening</word>
    <word>petrol</word>
    <word>diesel</word>
    <word>switch</word>
    <word>contradictive</word>
    <word>challenge</word>
    <word>furnish</word>
    <word>establish</word>
    <word>qualification</word>
    <word>worthy</word>
    <word>appearance</word>
    <word>aspect</word>
    <word>liquid</word>
    <word>sword</word>
    <word>lad</word>
    <word>apply</word>
    <word>exterior</word>
    <word>preference</word>
    <word>elbow</word>
    <word>discipline</word>
    <word>terrific</word>
    <word>thrill</word>
    <word>flu</word>
    <word>edition</word>
    <word>triumph</word>
    <word>hostage</word>
    <word>loaf</word>
    <word>applicable</word>
    <word>motion</word>
    <word>diploma</word>
    <word>dragon</word>
    <word>contrast</word>
    <word>trend</word>
    <word>honorable</word>
    <word>appendix</word>
    <word>objection</word>
    <word>inflation</word>
    <word>substantial</word>
    <word>hasty</word>
    <word>interpret</word>
    <word>romance</word>
    <word>rectangle</word>
    <word>owl</word>
    <word>denote</word>
    <word>editor</word>
    <word>fruitful</word>
    <word>startle</word>
    <word>inlet</word>
    <word>system</word>
    <word>concede</word>
    <word>jewelry</word>
    <word>dictate</word>
    <word>lame</word>
    <word>stiff</word>
    <word>pinch</word>
    <word>pants</word>
    <word>remnant</word>
    <word>projector</word>
    <word>torrent</word>
    <word>crisp</word>
    <word>tag</word>
    <word>duration</word>
    <word>dealer</word>
    <word>incident</word>
    <word>zeal</word>
    <word>into</word>
    <word>squirrel</word>
    <word>substitute</word>
    <word>yourselves</word>
    <word>behalf</word>
    <word>jog</word>
    <word>march</word>
    <word>concept</word>
    <word>fetch</word>
    <word>helicopter</word>
    <word>anxiety</word>
    <word>swear</word>
    <word>directory</word>
    <word>bachelor</word>
    <word>brochure</word>
    <word>not so…as</word>
    <word>oppose</word>
    <word>look ahead</word>
    <word>meal</word>
    <word>swing</word>
    <word>crash</word>
    <word>being</word>
    <word>clever</word>
    <word>propose a toast to sb.</word>
    <word>software</word>
    <word>hold one's breath</word>
    <word>academy</word>
    <word>furnished</word>
    <word>wipe</word>
    <word>six</word>
    <word>hide</word>
    <word>keep</word>
    <word>northeast</word>
    <word>than</word>
    <word>cover</word>
    <word>because</word>
    <word>over</word>
    <word>national</word>
    <word>Monday</word>
    <word>reptile</word>
    <word>skillful</word>
    <word>descent</word>
    <word>bother</word>
    <word>sheer</word>
    <word>sketch</word>
    <word>trench</word>
    <word>excess</word>
    <word>elite</word>
    <word>responsible</word>
    <word>theatre</word>
    <word>moan</word>
    <word>month</word>
    <word>beg</word>
    <word>stability</word>
    <word>partly</word>
    <word>storage</word>
    <word>wasteful</word>
    <word>odd</word>
    <word>prompt</word>
    <word>foodstuff</word>
    <word>bay</word>
    <word>contrive</word>
    <word>hall</word>
    <word>assume</word>
    <word>peculiarity</word>
    <word>bare</word>
    <word>shape</word>
    <word>region</word>
    <word>propose</word>
    <word>chemistry</word>
    <word>lantern</word>
    <word>timely</word>
    <word>exam</word>
    <word>toilet</word>
    <word>thorough</word>
    <word>widow</word>
    <word>circus</word>
    <word>berry</word>
    <word>mighty</word>
    <word>whose</word>
    <word>yourself</word>
    <word>cold</word>
    <word>length</word>
  </grasp>
  <ungrasp>
    <word>objection</word>
    <word>bracket</word>
    <word>vanity</word>
    <word>tow</word>
    <word>likelihood</word>
    <word>therapy</word>
    <word>affirmative</word>
  </ungrasp>
</wordlog>