<?xml version="1.0" encoding="UTF-8"?>
<wordlog>
  <grasp>
    <word>crime</word>
    <word>classmate</word>
    <word>pea</word>
    <word>cheque</word>
    <word>preserve</word>
    <word>in need of</word>
    <word>adequate</word>
    <word>arrow</word>
    <word>accountant</word>
    <word>ever since</word>
    <word>from then on</word>
    <word>have access to</word>
    <word>acquire</word>
    <word>break in</word>
    <word>persuade sb. to do</word>
    <word>be strict with</word>
    <word>work out</word>
    <word>squirrel 'skwi-,</word>
    <word>table manners</word>
    <word>consideration</word>
    <word>prison</word>
    <word>oval</word>
    <word>soul</word>
    <word>drop in</word>
    <word>troublesome</word>
    <word>hatch</word>
    <word>in order that</word>
    <word>gallery</word>
    <word>that 弱ðət,</word>
    <word>neat</word>
    <word>be to blame</word>
    <word>occupation #VALUE!</word>
    <word>dot</word>
    <word>fight</word>
    <word>chopsticks</word>
    <word>government</word>
    <word>league</word>
    <word>mushroom</word>
    <word>sit</word>
    <word>shop assistant</word>
    <word>on the basis of</word>
    <word>harmful</word>
    <word>cheat</word>
    <word>television</word>
    <word>town</word>
    <word>valuable</word>
    <word>person</word>
    <word>wild</word>
    <word>stage</word>
    <word>sailor</word>
    <word>beach</word>
    <word>hear</word>
    <word>hometown</word>
    <word>nearly</word>
    <word>mat</word>
    <word>wear</word>
    <word>such as</word>
    <word>teacher</word>
    <word>dislike</word>
    <word>gay</word>
    <word>hers</word>
    <word>cage</word>
    <word>split</word>
    <word>hole</word>
    <word>voyage</word>
    <word>hardly</word>
    <word>slave</word>
    <word>family</word>
    <word>yourselves juə-,</word>
    <word>adore</word>
    <word>from mouth to mouth</word>
    <word>cooker</word>
    <word>south</word>
    <word>delighted</word>
    <word>silver</word>
    <word>chocolate</word>
    <word>substitute</word>
    <word>thirst</word>
  </grasp>
  <ungrasp>
    <word>invent</word>
    <word>congratulate</word>
    <word>cafeteria</word>
    <word>rubber</word>
    <word>motivation</word>
    <word>violence</word>
    <word>fetch</word>
    <word>jog</word>
    <word>concept</word>
    <word>march</word>
    <word>behalf</word>
    <word>helicopter</word>
    <word>worn out</word>
    <word>rugby</word>
    <word>shopkeeper</word>
    <word>treasure</word>
    <word>promote</word>
  </ungrasp>
</wordlog>