<?xml version="1.0" encoding="UTF-8"?>
<wordlog>
  <grasp>
    <word>firm</word>
    <word>porter</word>
    <word>accountant</word>
    <word>adequate</word>
    <word>arrow</word>
    <word>acquire</word>
    <word>into -tu,</word>
    <word>consideration</word>
    <word>prison</word>
    <word>oval</word>
    <word>soul</word>
    <word>hatch</word>
    <word>troublesome</word>
    <word>neat</word>
    <word>gallery</word>
    <word>be to blame</word>
    <word>government</word>
    <word>league</word>
    <word>mushroom</word>
    <word>shop assistant</word>
    <word>on the basis of</word>
    <word>cheat</word>
    <word>television</word>
    <word>congratulate</word>
    <word>cafeteria</word>
    <word>rubber</word>
    <word>invent</word>
    <word>motivation</word>
    <word>substitute</word>
    <word>chocolate</word>
    <word>silver</word>
    <word>delighted</word>
    <word>promote</word>
    <word>treasure</word>
    <word>shopkeeper</word>
    <word>cooker</word>
    <word>adore</word>
    <word>rugby</word>
    <word>worn out</word>
    <word>voyage</word>
    <word>hole</word>
    <word>split</word>
    <word>cage</word>
    <word>jog</word>
  </grasp>
  <ungrasp>
  </ungrasp>
</wordlog>