<?xml version="1.0" encoding="UTF-8"?>
<wordlog>
  <grasp>
    <word>being</word>
    <word>clever</word>
    <word>care</word>
    <word>birthplace</word>
    <word>separate</word>
    <word>blow</word>
    <word>artist</word>
    <word>bedroom</word>
    <word>hand out</word>
    <word>theft</word>
    <word>disaster</word>
    <word>propose a toast to sb.</word>
    <word>software</word>
    <word>from…to</word>
    <word>hold one's breath</word>
    <word>in all</word>
    <word>dusk</word>
    <word>sleepy</word>
    <word>agricultural</word>
    <word>analysis</word>
    <word>every</word>
    <word>menu</word>
    <word>be proud of</word>
  </grasp>
  <ungrasp>
    <word>academy</word>
    <word>furnished</word>
  </ungrasp>
</wordlog>