<?xml version="1.0" encoding="UTF-8"?>
<wordlog>
  <grasp>
    <word>squirrel</word>
    <word>helicopter</word>
    <word>concept</word>
    <word>fetch</word>
    <word>violence</word>
    <word>swear</word>
    <word>directory</word>
    <word>bachelor</word>
    <word>sentence…to death</word>
    <word>ambiguous</word>
    <word>breast</word>
    <word>in no case</word>
    <word>half</word>
    <word>forbid</word>
    <word>bathe</word>
    <word>suitcase</word>
    <word>protection</word>
    <word>scar</word>
    <word>telescope</word>
    <word>waste</word>
    <word>alley</word>
    <word>wag</word>
    <word>flexible</word>
    <word>consultant</word>
    <word>purple</word>
    <word>appropriate</word>
    <word>past</word>
    <word>wander</word>
    <word>equipment</word>
    <word>wind</word>
    <word>get through</word>
    <word>postage</word>
    <word>jewellery</word>
    <word>monument</word>
    <word>recipe</word>
    <word>pack</word>
    <word>unfit</word>
    <word>religious</word>
    <word>tongue</word>
    <word>habit</word>
    <word>tourism</word>
    <word>effect</word>
    <word>speaker</word>
    <word>advertise</word>
    <word>autonomous</word>
    <word>wisdom</word>
    <word>for ever</word>
    <word>once again</word>
    <word>stay</word>
    <word>neighbourhood</word>
    <word>trap</word>
    <word>fill</word>
    <word>sleeve</word>
    <word>spaceship</word>
    <word>in the case of</word>
    <word>frog</word>
    <word>wet</word>
    <word>success</word>
    <word>feel</word>
    <word>guilty</word>
    <word>leap</word>
    <word>progress</word>
    <word>elapse</word>
    <word>breakthrough</word>
    <word>M-Motorwagen</word>
    <word>landscape</word>
    <word>assembly lines</word>
    <word>drastically</word>
    <word>mobility</word>
    <word>quadruple</word>
    <word>choked</word>
    <word>noxious</word>
    <word>grant</word>
    <word>challenge</word>
    <word>intellectual</word>
    <word>appearance</word>
    <word>aspect</word>
    <word>liquid</word>
    <word>lad</word>
    <word>apply</word>
    <word>exterior</word>
    <word>preference</word>
    <word>elbow</word>
    <word>discipline</word>
    <word>terrific</word>
    <word>thrill</word>
    <word>flu</word>
    <word>edition</word>
    <word>triumph</word>
    <word>loaf</word>
    <word>applicable</word>
    <word>motion</word>
    <word>diploma</word>
    <word>dragon</word>
    <word>contrast</word>
    <word>trend</word>
    <word>honorable</word>
    <word>appendix</word>
    <word>inflation</word>
    <word>hasty</word>
    <word>interpret</word>
    <word>romance</word>
    <word>rectangle</word>
  </grasp>
  <ungrasp>
    <word>harbour</word>
    <word>set free</word>
    <word>tranparent</word>
    <word>set into</word>
    <word>internal-combustion</word>
    <word>hostage</word>
    <word>objection</word>
    <word>substantial</word>
  </ungrasp>
</wordlog>