<?xml version="1.0" encoding="UTF-8"?>
<wordlog>
  <grasp>
    <word>helicopter</word>
    <word>march</word>
    <word>concept</word>
    <word>jog</word>
    <word>fetch</word>
    <word>violence</word>
    <word>anxiety</word>
    <word>swear</word>
    <word>directory</word>
    <word>bachelor</word>
    <word>brochure</word>
    <word>oppose</word>
    <word>sentence…to death</word>
    <word>academy</word>
    <word>furnished</word>
    <word>ambiguous</word>
    <word>shape</word>
    <word>equality</word>
    <word>breast</word>
    <word>general</word>
    <word>hungry</word>
    <word>purpose</word>
    <word>recent</word>
    <word>biology</word>
    <word>form</word>
    <word>in no case</word>
    <word>half</word>
    <word>forbid</word>
    <word>bathe</word>
    <word>suitcase</word>
    <word>handbag</word>
    <word>protection</word>
    <word>scar</word>
    <word>telescope</word>
    <word>waste</word>
    <word>alley</word>
    <word>wag</word>
    <word>flexible</word>
    <word>purple</word>
    <word>harbour</word>
    <word>appropriate</word>
    <word>past</word>
    <word>wander</word>
    <word>equipment</word>
    <word>wind</word>
    <word>get through</word>
    <word>postage</word>
    <word>jewellery</word>
    <word>monument</word>
    <word>recipe</word>
    <word>pack</word>
    <word>unfit</word>
    <word>religious</word>
    <word>tongue</word>
    <word>habit</word>
    <word>tourism</word>
    <word>effect</word>
    <word>speaker</word>
    <word>story</word>
    <word>advertise</word>
    <word>autonomous</word>
    <word>for ever</word>
    <word>once again</word>
    <word>stay</word>
    <word>neighbourhood</word>
    <word>trap</word>
    <word>fill</word>
    <word>sleeve</word>
    <word>spaceship</word>
    <word>in the case of</word>
    <word>set free</word>
    <word>frog</word>
    <word>wet</word>
    <word>success</word>
    <word>dictionary</word>
    <word>sword</word>
    <word>leap</word>
    <word>progress</word>
    <word>elapse</word>
    <word>breakthrough</word>
    <word>ubiquitous</word>
    <word>M-Motorwagen</word>
    <word>landscape</word>
    <word>assembly lines</word>
    <word>set into</word>
    <word>drastically</word>
    <word>mobility</word>
    <word>poised</word>
    <word>emission</word>
    <word>legion</word>
    <word>emerging markets</word>
    <word>emerging</word>
    <word>clamour</word>
    <word>quadruple</word>
    <word>fraction</word>
    <word>fearsome</word>
    <word>congestion</word>
    <word>stricter</word>
    <word>choked</word>
    <word>impose</word>
    <word>curb</word>
    <word>noxious</word>
    <word>soot</word>
    <word>particles</word>
    <word>emitted</word>
    <word>exhaust</word>
    <word>grant</word>
    <word>battery</word>
    <word>widening</word>
    <word>petrol</word>
    <word>diesel</word>
    <word>switch</word>
    <word>contradictive</word>
    <word>challenge</word>
    <word>furnish</word>
    <word>establish</word>
    <word>intellectual</word>
    <word>qualification</word>
    <word>worthy</word>
  </grasp>
  <ungrasp>
    <word>discourage</word>
    <word>consultant</word>
    <word>wisdom</word>
    <word>mobility</word>
  </ungrasp>
</wordlog>