<?xml version="1.0" encoding="UTF-8"?>
<wordlog>
  <grasp>
    <word>crime</word>
    <word>classmate</word>
    <word>notice</word>
    <word>chair</word>
    <word>translate</word>
    <word>content</word>
    <word>parent</word>
    <word>lab</word>
    <word>set down</word>
    <word>urgent</word>
    <word>bath</word>
    <word>firm</word>
    <word>porter</word>
    <word>grandpa</word>
    <word>look</word>
    <word>in time</word>
    <word>lie</word>
    <word>dimension</word>
    <word>origin</word>
    <word>up</word>
    <word>pea</word>
    <word>increase</word>
    <word>warmth</word>
    <word>communication</word>
    <word>cheque</word>
    <word>preserve</word>
    <word>in need of</word>
    <word>valid</word>
    <word>adequate</word>
    <word>advertisement</word>
    <word>arrow</word>
    <word>hydrogen</word>
    <word>bitter</word>
    <word>spare</word>
    <word>ever since</word>
    <word>boy</word>
    <word>bill</word>
    <word>strength</word>
    <word>stomach</word>
    <word>rid</word>
    <word>from then on</word>
    <word>sideways</word>
    <word>Christmas</word>
    <word>have access to</word>
    <word>comb</word>
    <word>differ</word>
    <word>acquire</word>
    <word>accountant</word>
    <word>outdoors</word>
    <word>sculpture</word>
    <word>movement</word>
    <word>ice</word>
    <word>sight</word>
    <word>modern</word>
    <word>road</word>
    <word>clothes</word>
    <word>willing</word>
    <word>break in</word>
    <word>world</word>
    <word>persuade sb. to do</word>
    <word>map</word>
    <word>lonely</word>
    <word>accept</word>
    <word>unit</word>
    <word>lucky</word>
    <word>physics</word>
    <word>into -tu,</word>
    <word>street</word>
    <word>DVD</word>
    <word>troop</word>
    <word>be strict with</word>
    <word>work out</word>
    <word>pride</word>
    <word>obvious</word>
    <word>squirrel 'skwi-,</word>
    <word>table manners</word>
    <word>endless</word>
    <word>consideration</word>
    <word>prison</word>
    <word>oval</word>
    <word>match</word>
    <word>camp</word>
    <word>insurance</word>
    <word>P.C.</word>
    <word>dog</word>
    <word>soul</word>
    <word>drop in</word>
    <word>possible</word>
    <word>uncertain</word>
    <word>troublesome</word>
    <word>amusement</word>
    <word>in order that</word>
    <word>gallery</word>
    <word>that 弱ðət,</word>
    <word>benefit</word>
    <word>neat</word>
    <word>ham</word>
    <word>ashamed</word>
    <word>nowadays</word>
    <word>random</word>
    <word>occupation #VALUE!</word>
    <word>dot</word>
    <word>applicant</word>
    <word>fight</word>
    <word>myself</word>
    <word>chopsticks</word>
  </grasp>
  <ungrasp>
    <word>oval</word>
    <word>dog</word>
    <word>hatch</word>
    <word>be to blame</word>
  </ungrasp>
</wordlog>