<?xml version="1.0" encoding="UTF-8"?>
<wordlog>
  <grasp>
    <word>congratulate</word>
    <word>cafeteria</word>
    <word>rubber</word>
    <word>invent</word>
    <word>motivation</word>
    <word>promote</word>
    <word>treasure</word>
    <word>shopkeeper</word>
    <word>rugby</word>
    <word>worn out</word>
    <word>helicopter</word>
    <word>behalf</word>
    <word>concept</word>
    <word>jog</word>
    <word>fetch</word>
    <word>violence</word>
    <word>anxiety</word>
    <word>swear</word>
    <word>passage</word>
    <word>foolish</word>
    <word>bridegroom</word>
    <word>against</word>
    <word>directory</word>
    <word>soft</word>
    <word>bachelor</word>
    <word>police</word>
    <word>birthday</word>
    <word>not so…as</word>
    <word>cloud</word>
    <word>look ahead</word>
    <word>roof</word>
    <word>pipe</word>
    <word>exhibition</word>
    <word>meal</word>
    <word>swing</word>
    <word>safe</word>
    <word>electric</word>
    <word>jazz</word>
    <word>trip</word>
    <word>just now</word>
    <word>more or less</word>
    <word>victim</word>
    <word>oral</word>
    <word>gate</word>
    <word>crash</word>
    <word>being</word>
    <word>clever</word>
    <word>care</word>
    <word>birthplace</word>
    <word>separate</word>
    <word>blow</word>
    <word>artist</word>
    <word>bedroom</word>
    <word>hand out</word>
    <word>theft</word>
    <word>disaster</word>
    <word>propose a toast to sb.</word>
    <word>software</word>
    <word>hold one's breath</word>
    <word>academy</word>
    <word>in all</word>
    <word>dusk</word>
    <word>sleepy</word>
    <word>agricultural</word>
    <word>furnished</word>
    <word>analysis</word>
    <word>be proud of</word>
    <word>wipe</word>
    <word>shape</word>
    <word>be to blame</word>
    <word>march</word>
    <word>brochure</word>
    <word>leap</word>
    <word>progress</word>
    <word>elapse</word>
    <word>breakthrough</word>
    <word>ubiquitous</word>
    <word>M - Motorwagen</word>
    <word>landscape</word>
    <word>assembly lines</word>
    <word>set into</word>
    <word>drastically</word>
  </grasp>
  <ungrasp>
    <word>substitute</word>
    <word>march</word>
    <word>brochure</word>
    <word>oppose</word>
    <word>sentence…to death</word>
    <word>ambiguous</word>
  </ungrasp>
</wordlog>