<?xml version="1.0" encoding="UTF-8"?>
<wordlog>
  <grasp>
    <word>firm</word>
    <word>porter</word>
    <word>dimension</word>
    <word>in need of</word>
    <word>arrow</word>
    <word>accountant</word>
    <word>ever since</word>
    <word>from then on</word>
    <word>have access to</word>
    <word>acquire</word>
    <word>break in</word>
    <word>work out</word>
    <word>be strict with</word>
    <word>into -tu,</word>
    <word>table manners</word>
    <word>consideration</word>
    <word>squirrel 'skwi-,</word>
    <word>prison</word>
    <word>oval</word>
    <word>soul</word>
    <word>drop in</word>
    <word>troublesome</word>
    <word>hatch</word>
    <word>in order that</word>
    <word>gallery</word>
    <word>that 弱ðət,</word>
    <word>neat</word>
    <word>be to blame</word>
    <word>occupation #VALUE!</word>
    <word>applicant</word>
    <word>chopsticks</word>
    <word>government</word>
    <word>league</word>
    <word>mushroom</word>
    <word>sit</word>
    <word>shop assistant</word>
    <word>on the basis of</word>
    <word>cheat</word>
    <word>harmful</word>
    <word>television</word>
    <word>congratulate</word>
    <word>town</word>
    <word>valuable</word>
    <word>cafeteria</word>
    <word>rubber</word>
    <word>person</word>
    <word>wild</word>
    <word>stage</word>
    <word>invent</word>
    <word>sailor</word>
    <word>motivation</word>
    <word>beach</word>
    <word>chocolate</word>
    <word>silver</word>
    <word>delighted</word>
    <word>promote</word>
    <word>cooker</word>
    <word>from mouth to mouth</word>
    <word>adore</word>
    <word>family</word>
    <word>worn out</word>
    <word>hardly</word>
    <word>tortoise</word>
    <word>hers</word>
    <word>such as</word>
    <word>nearly</word>
    <word>hometown</word>
    <word>hear</word>
    <word>thirst</word>
    <word>disappoint</word>
    <word>reserve</word>
    <word>although</word>
    <word>trousers</word>
    <word>mat</word>
    <word>howl</word>
    <word>arrest</word>
    <word>expert</word>
    <word>wheel</word>
    <word>owner</word>
    <word>standard</word>
    <word>sure</word>
    <word>get into trouble</word>
    <word>artificial</word>
    <word>central</word>
    <word>glad</word>
    <word>zone</word>
    <word>federal</word>
    <word>passage</word>
    <word>foolish</word>
    <word>bridegroom</word>
    <word>against</word>
    <word>police</word>
    <word>birthday</word>
    <word>cloud</word>
    <word>party</word>
    <word>high</word>
    <word>roof</word>
    <word>ad</word>
    <word>form</word>
    <word>sad</word>
    <word>fun</word>
    <word>uncle</word>
    <word>fact</word>
    <word>lady</word>
    <word>born</word>
    <word>face</word>
    <word>cool</word>
    <word>bee</word>
    <word>be</word>
    <word>win</word>
    <word>give</word>
    <word>put</word>
    <word>too…to</word>
    <word>dream</word>
    <word>lovely</word>
    <word>boss</word>
    <word>smog</word>
    <word>not</word>
    <word>push</word>
  </grasp>
  <ungrasp>
    <word>substitute</word>
    <word>treasure</word>
    <word>shopkeeper</word>
    <word>rugby</word>
    <word>anxiety</word>
    <word>swear</word>
    <word>directory</word>
    <word>not so…as</word>
    <word>brochure</word>
    <word>bachelor</word>
  </ungrasp>
</wordlog>