<?xml version="1.0" encoding="UTF-8"?>
<wordlog>
  <grasp>
    <word>crime</word>
    <word>classmate</word>
    <word>notice</word>
    <word>chair</word>
    <word>translate</word>
    <word>content</word>
    <word>parent</word>
    <word>lab</word>
    <word>set</word>
    <word>urgent</word>
    <word>bath</word>
    <word>in</word>
    <word>valid</word>
    <word>advertisement</word>
    <word>hydrogen</word>
    <word>bitter</word>
    <word>spare</word>
    <word>ever</word>
    <word>boy</word>
    <word>bill</word>
    <word>strength</word>
    <word>stomach</word>
    <word>rid</word>
    <word>from</word>
    <word>sideways</word>
    <word>Christmas</word>
    <word>have</word>
    <word>comb</word>
    <word>differ</word>
    <word>sculpture</word>
    <word>outdoors</word>
    <word>movement</word>
    <word>ice</word>
    <word>sight</word>
    <word>modern</word>
    <word>road</word>
    <word>clothes</word>
    <word>willing</word>
    <word>break</word>
    <word>world</word>
    <word>persuade</word>
    <word>map</word>
    <word>lonely</word>
    <word>accept</word>
    <word>unit</word>
    <word>lucky</word>
    <word>physics</word>
    <word>into</word>
    <word>street</word>
    <word>DVD</word>
    <word>troop</word>
    <word>be</word>
    <word>work</word>
    <word>pride</word>
    <word>obvious</word>
    <word>endless</word>
    <word>dog</word>
    <word>P.C.</word>
    <word>that</word>
    <word>random</word>
    <word>sit</word>
    <word>myself</word>
    <word>match</word>
    <word>camp</word>
    <word>insurance</word>
    <word>soul</word>
    <word>possible</word>
    <word>uncertain</word>
    <word>amusement</word>
    <word>benefit</word>
    <word>ham</word>
    <word>ashamed</word>
    <word>nowadays</word>
    <word>occupation</word>
  </grasp>
  <ungrasp>
    <word>porter</word>
    <word>firm</word>
    <word>arrow</word>
    <word>accountant</word>
    <word>acquire</word>
    <word>adequate</word>
    <word>squirrel</word>
    <word>table</word>
    <word>consideration</word>
    <word>prison</word>
    <word>oval</word>
    <word>soul</word>
    <word>drop</word>
    <word>troublesome</word>
    <word>gallery</word>
    <word>neat</word>
    <word>be</word>
  </ungrasp>
</wordlog>